
*****************************************************
Summary
-------
Generated at: 2025-08-30T07:42:00Z

Notes: 0
Binaries: 0
Archives: 0
Standards: 12

Apache Licensed: 0
Generated Documents: 0

JavaDocs are generated, thus a license header is optional.
Generated files do not require license headers.

0 Unknown Licenses

*****************************************************
  Files with Apache License headers will be marked AL
  Binary files (which do not require any license headers) will be marked B
  Compressed archives will be marked A
  Notices, licenses etc. will be marked N
  SPDX  /__w/sql/sql/plugin/src/main/java/org/opensearch/sql/plugin/SQLPlugin.java
  SPDX  /__w/sql/sql/plugin/src/main/java/org/opensearch/sql/plugin/config/OpenSearchPluginModule.java
  SPDX  /__w/sql/sql/plugin/src/main/java/org/opensearch/sql/plugin/request/PPLQueryRequestFactory.java
  SPDX  /__w/sql/sql/plugin/src/main/java/org/opensearch/sql/plugin/rest/RestPPLQueryAction.java
  SPDX  /__w/sql/sql/plugin/src/main/java/org/opensearch/sql/plugin/rest/RestPPLStatsAction.java
  SPDX  /__w/sql/sql/plugin/src/main/java/org/opensearch/sql/plugin/rest/RestQuerySettingsAction.java
  SPDX  /__w/sql/sql/plugin/src/main/java/org/opensearch/sql/plugin/transport/PPLQueryAction.java
  SPDX  /__w/sql/sql/plugin/src/main/java/org/opensearch/sql/plugin/transport/TransportPPLQueryAction.java
  SPDX  /__w/sql/sql/plugin/src/main/java/org/opensearch/sql/plugin/transport/TransportPPLQueryRequest.java
  SPDX  /__w/sql/sql/plugin/src/main/java/org/opensearch/sql/plugin/transport/TransportPPLQueryResponse.java
  SPDX  /__w/sql/sql/plugin/src/test/java/org/opensearch/sql/plugin/transport/TransportPPLQueryRequestTest.java
  SPDX  /__w/sql/sql/plugin/src/test/java/org/opensearch/sql/plugin/transport/TransportPPLQueryResponseTest.java
 
*****************************************************
